Using pre-set license
Built from '2020.3/staging' branch; Version is '2020.3.5f1 (8095aa901b9b) revision 8426922'; Using compiler version '192528614'; Build Type 'Release'
OS: 'Windows 10 Home Single Language; OS build 19042.985; Version 2009; 64bit' Language: 'en' Physical Memory: 7617 MB
BatchMode: 1, IsHumanControllingUs: 0, StartBugReporterOnCrash: 0, Is64bit: 1, IsPro: 0

 COMMAND LINE ARGUMENTS:
D:\gameunity\2020.3.5f1\Editor\Unity.exe
-adb2
-batchMode
-noUpm
-name
AssetImportWorker1
-projectPath
D:/gameunity/Knight2D
-logFile
Logs/AssetImportWorker1.log
-srvPort
49876
Successfully changed project path to: D:/gameunity/Knight2D
D:/gameunity/Knight2D
Using Asset Import Pipeline V2.
Refreshing native plugins compatible for Editor in 93.19 ms, found 1 plugins.
Preloading 0 native plugins for Editor in 0.00 ms.
Initialize engine version: 2020.3.5f1 (8095aa901b9b)
[Subsystems] Discovering subsystems at path D:/gameunity/2020.3.5f1/Editor/Data/Resources/UnitySubsystems
[Subsystems] Discovering subsystems at path D:/gameunity/Knight2D/Assets
GfxDevice: creating device client; threaded=0
Direct3D:
    Version:  Direct3D 11.0 [level 11.1]
    Renderer: NVIDIA GeForce GTX 1050 (ID=0x1c91)
    Vendor:   
    VRAM:     2996 MB
    Driver:   27.21.14.6133
Initialize mono
Mono path[0] = 'D:/gameunity/2020.3.5f1/Editor/Data/Managed'
Mono path[1] = 'D:/gameunity/2020.3.5f1/Editor/Data/MonoBleedingEdge/lib/mono/unityjit'
Mono config path = 'D:/gameunity/2020.3.5f1/Editor/Data/MonoBleedingEdge/etc'
Using monoOptions --debugger-agent=transport=dt_socket,embedding=1,server=y,suspend=n,address=127.0.0.1:56432
Begin MonoManager ReloadAssembly
Registering precompiled unity dll's ...
Register platform support module: D:/gameunity/2020.3.5f1/Editor/Data/PlaybackEngines/WebGLSupport/UnityEditor.WebGL.Extensions.dll
Register platform support module: D:/gameunity/2020.3.5f1/Editor/Data/PlaybackEngines/WindowsStandaloneSupport/UnityEditor.WindowsStandalone.Extensions.dll
Registered in 0.001785 seconds.
Native extension for WindowsStandalone target not found
Native extension for WebGL target not found
Refreshing native plugins compatible for Editor in 84.41 ms, found 1 plugins.
Preloading 0 native plugins for Editor in 0.00 ms.
Mono: successfully reloaded assembly
- Completed reload, in  1.528 seconds
Platform modules already initialized, skipping
Registering precompiled user dll's ...
Registered in 0.003189 seconds.
Begin MonoManager ReloadAssembly
Native extension for WindowsStandalone target not found
Native extension for WebGL target not found
Refreshing native plugins compatible for Editor in 87.99 ms, found 1 plugins.
Preloading 0 native plugins for Editor in 0.00 ms.
Mono: successfully reloaded assembly
- Completed reload, in  1.650 seconds
Platform modules already initialized, skipping
========================================================================
Worker process is ready to serve import requests
Launched and connected shader compiler UnityShaderCompiler.exe after 0.13 seconds
Refreshing native plugins compatible for Editor in 0.95 ms, found 1 plugins.
Preloading 0 native plugins for Editor in 0.00 ms.
Unloading 3160 Unused Serialized files (Serialized files now loaded: 0)
System memory in use before: 123.9 MB.
System memory in use after: 124.2 MB.

Unloading 19 unused Assets to reduce memory usage. Loaded Objects now: 3612.
Total: 3.171000 ms (FindLiveObjects: 0.385500 ms CreateObjectMapping: 0.109100 ms MarkObjects: 2.629900 ms  DeleteObjects: 0.044100 ms)

========================================================================
Received Import Request.
  path: Assets/Scenes/SceneLast.unity
  artifactKey: Guid(7bfc2c8a75ca69241b846a1fc19feb17) Importer(815301076,1909f56bfc062723c751e8b465ee728b)
Start importing Assets/Scenes/SceneLast.unity using Guid(7bfc2c8a75ca69241b846a1fc19feb17) Importer(815301076,1909f56bfc062723c751e8b465ee728b)  -> (artifact id: '23db46887f799384e85dd7b3b8203301') in 0.030761 seconds
  Import took 0.037320 seconds .

========================================================================
Received Prepare
Registering precompiled user dll's ...
Registered in 0.002043 seconds.
Begin MonoManager ReloadAssembly
Native extension for WindowsStandalone target not found
Native extension for WebGL target not found
Refreshing native plugins compatible for Editor in 0.77 ms, found 1 plugins.
Preloading 0 native plugins for Editor in 0.00 ms.
Mono: successfully reloaded assembly
- Completed reload, in  1.414 seconds
Platform modules already initialized, skipping
Refreshing native plugins compatible for Editor in 0.70 ms, found 1 plugins.
Preloading 0 native plugins for Editor in 0.00 ms.
Unloading 3139 Unused Serialized files (Serialized files now loaded: 0)
System memory in use before: 122.4 MB.
System memory in use after: 122.6 MB.

Unloading 9 unused Assets to reduce memory usage. Loaded Objects now: 3615.
Total: 3.608700 ms (FindLiveObjects: 0.426000 ms CreateObjectMapping: 0.126400 ms MarkObjects: 3.016400 ms  DeleteObjects: 0.037200 ms)

========================================================================
Received Prepare
Registering precompiled user dll's ...
Registered in 0.001740 seconds.
Begin MonoManager ReloadAssembly
Native extension for WindowsStandalone target not found
Native extension for WebGL target not found
Refreshing native plugins compatible for Editor in 1.27 ms, found 1 plugins.
Preloading 0 native plugins for Editor in 0.00 ms.
Mono: successfully reloaded assembly
- Completed reload, in  1.305 seconds
Platform modules already initialized, skipping
Refreshing native plugins compatible for Editor in 0.77 ms, found 1 plugins.
Preloading 0 native plugins for Editor in 0.00 ms.
Unloading 3139 Unused Serialized files (Serialized files now loaded: 0)
System memory in use before: 122.5 MB.
System memory in use after: 122.7 MB.

Unloading 9 unused Assets to reduce memory usage. Loaded Objects now: 3618.
Total: 4.138900 ms (FindLiveObjects: 0.581400 ms CreateObjectMapping: 0.221000 ms MarkObjects: 3.308100 ms  DeleteObjects: 0.026500 ms)

========================================================================
Received Prepare
Registering precompiled user dll's ...
Registered in 0.001564 seconds.
Begin MonoManager ReloadAssembly
Native extension for WindowsStandalone target not found
Native extension for WebGL target not found
Refreshing native plugins compatible for Editor in 0.69 ms, found 1 plugins.
Preloading 0 native plugins for Editor in 0.00 ms.
Mono: successfully reloaded assembly
- Completed reload, in  1.215 seconds
Platform modules already initialized, skipping
Refreshing native plugins compatible for Editor in 0.68 ms, found 1 plugins.
Preloading 0 native plugins for Editor in 0.00 ms.
Unloading 3139 Unused Serialized files (Serialized files now loaded: 0)
System memory in use before: 122.5 MB.
System memory in use after: 122.7 MB.

Unloading 9 unused Assets to reduce memory usage. Loaded Objects now: 3621.
Total: 3.612300 ms (FindLiveObjects: 0.545000 ms CreateObjectMapping: 0.169000 ms MarkObjects: 2.871400 ms  DeleteObjects: 0.025700 ms)

========================================================================
Received Prepare
Registering precompiled user dll's ...
Registered in 0.001762 seconds.
Begin MonoManager ReloadAssembly
Native extension for WindowsStandalone target not found
Native extension for WebGL target not found
Refreshing native plugins compatible for Editor in 0.69 ms, found 1 plugins.
Preloading 0 native plugins for Editor in 0.00 ms.
Mono: successfully reloaded assembly
- Completed reload, in  1.352 seconds
Platform modules already initialized, skipping
Refreshing native plugins compatible for Editor in 0.73 ms, found 1 plugins.
Preloading 0 native plugins for Editor in 0.00 ms.
Unloading 3139 Unused Serialized files (Serialized files now loaded: 0)
System memory in use before: 122.5 MB.
System memory in use after: 122.8 MB.

Unloading 9 unused Assets to reduce memory usage. Loaded Objects now: 3624.
Total: 4.472700 ms (FindLiveObjects: 0.379200 ms CreateObjectMapping: 0.094500 ms MarkObjects: 3.930900 ms  DeleteObjects: 0.066300 ms)

========================================================================
Received Import Request.
  Time since last request: 1145.956883 seconds.
  path: Assets/Scenes/Scene2.unity
  artifactKey: Guid(fe3b99ff899081946be320ea24eb5d02) Importer(815301076,1909f56bfc062723c751e8b465ee728b)
Start importing Assets/Scenes/Scene2.unity using Guid(fe3b99ff899081946be320ea24eb5d02) Importer(815301076,1909f56bfc062723c751e8b465ee728b)  -> (artifact id: '4ec65777baaacbf1edda063bd4ac86da') in 0.051953 seconds
  Import took 0.064521 seconds .

========================================================================
Received Import Request.
  Time since last request: 108.545667 seconds.
  path: Assets/Scenes/Scene3.unity
  artifactKey: Guid(984ede4137250934393c43276219b4e7) Importer(815301076,1909f56bfc062723c751e8b465ee728b)
Start importing Assets/Scenes/Scene3.unity using Guid(984ede4137250934393c43276219b4e7) Importer(815301076,1909f56bfc062723c751e8b465ee728b)  -> (artifact id: '9c289c79d9a12779258841de21441117') in 0.013366 seconds
  Import took 0.021351 seconds .

========================================================================
Received Import Request.
  Time since last request: 101.056426 seconds.
  path: Assets/Scenes/Scene1.unity
  artifactKey: Guid(2cda990e2423bbf4892e6590ba056729) Importer(815301076,1909f56bfc062723c751e8b465ee728b)
Start importing Assets/Scenes/Scene1.unity using Guid(2cda990e2423bbf4892e6590ba056729) Importer(815301076,1909f56bfc062723c751e8b465ee728b)  -> (artifact id: 'cde2a80fcf6607b37406ec87898c035b') in 0.018971 seconds
  Import took 0.029818 seconds .

========================================================================
Received Import Request.
  Time since last request: 0.518769 seconds.
  path: Assets/Scenes/Scene2.unity
  artifactKey: Guid(fe3b99ff899081946be320ea24eb5d02) Importer(815301076,1909f56bfc062723c751e8b465ee728b)
Start importing Assets/Scenes/Scene2.unity using Guid(fe3b99ff899081946be320ea24eb5d02) Importer(815301076,1909f56bfc062723c751e8b465ee728b)  -> (artifact id: 'fffbac809bcebc411ea45c8ace36a6cd') in 0.005503 seconds
  Import took 0.017695 seconds .

========================================================================
Received Import Request.
  Time since last request: 0.000638 seconds.
  path: Assets/Scenes/Scene2.unity
  artifactKey: Guid(fe3b99ff899081946be320ea24eb5d02) Importer(815301076,1909f56bfc062723c751e8b465ee728b)
Start importing Assets/Scenes/Scene2.unity using Guid(fe3b99ff899081946be320ea24eb5d02) Importer(815301076,1909f56bfc062723c751e8b465ee728b)  -> (artifact id: 'fffbac809bcebc411ea45c8ace36a6cd') in 0.004002 seconds
  Import took 0.013181 seconds .

========================================================================
Received Import Request.
  Time since last request: 0.450564 seconds.
  path: Assets/Scenes/Scene3.unity
  artifactKey: Guid(984ede4137250934393c43276219b4e7) Importer(815301076,1909f56bfc062723c751e8b465ee728b)
Start importing Assets/Scenes/Scene3.unity using Guid(984ede4137250934393c43276219b4e7) Importer(815301076,1909f56bfc062723c751e8b465ee728b)  -> (artifact id: '99007c0bded6339b157d7f415ac731c9') in 0.006346 seconds
  Import took 0.013884 seconds .

========================================================================
Received Import Request.
  Time since last request: 0.001785 seconds.
  path: Assets/Scenes/Scene3.unity
  artifactKey: Guid(984ede4137250934393c43276219b4e7) Importer(815301076,1909f56bfc062723c751e8b465ee728b)
Start importing Assets/Scenes/Scene3.unity using Guid(984ede4137250934393c43276219b4e7) Importer(815301076,1909f56bfc062723c751e8b465ee728b)  -> (artifact id: '99007c0bded6339b157d7f415ac731c9') in 0.006158 seconds
  Import took 0.013647 seconds .

========================================================================
Received Import Request.
  Time since last request: 115.114832 seconds.
  path: Assets/Scenes/SceneLast.unity
  artifactKey: Guid(7bfc2c8a75ca69241b846a1fc19feb17) Importer(815301076,1909f56bfc062723c751e8b465ee728b)
Start importing Assets/Scenes/SceneLast.unity using Guid(7bfc2c8a75ca69241b846a1fc19feb17) Importer(815301076,1909f56bfc062723c751e8b465ee728b)  -> (artifact id: '6304bb36486f4f0692b386821fb29c98') in 0.007613 seconds
  Import took 0.021252 seconds .

========================================================================
Received Import Request.
  Time since last request: 0.015643 seconds.
  path: Assets/Scenes/SceneLast.unity
  artifactKey: Guid(7bfc2c8a75ca69241b846a1fc19feb17) Importer(815301076,1909f56bfc062723c751e8b465ee728b)
Start importing Assets/Scenes/SceneLast.unity using Guid(7bfc2c8a75ca69241b846a1fc19feb17) Importer(815301076,1909f56bfc062723c751e8b465ee728b)  -> (artifact id: '6304bb36486f4f0692b386821fb29c98') in 0.004673 seconds
  Import took 0.018397 seconds .

========================================================================
Received Prepare
Registering precompiled user dll's ...
Registered in 0.002269 seconds.
Begin MonoManager ReloadAssembly
Native extension for WindowsStandalone target not found
Native extension for WebGL target not found
Refreshing native plugins compatible for Editor in 0.98 ms, found 1 plugins.
Preloading 0 native plugins for Editor in 0.00 ms.
Mono: successfully reloaded assembly
- Completed reload, in  1.416 seconds
Platform modules already initialized, skipping
Refreshing native plugins compatible for Editor in 1.22 ms, found 1 plugins.
Preloading 0 native plugins for Editor in 0.00 ms.
Unloading 3139 Unused Serialized files (Serialized files now loaded: 0)
System memory in use before: 122.6 MB.
System memory in use after: 122.8 MB.

Unloading 9 unused Assets to reduce memory usage. Loaded Objects now: 3627.
Total: 3.272900 ms (FindLiveObjects: 0.506600 ms CreateObjectMapping: 0.141400 ms MarkObjects: 2.597900 ms  DeleteObjects: 0.024400 ms)

========================================================================
Received Prepare
Registering precompiled user dll's ...
Registered in 0.003890 seconds.
Begin MonoManager ReloadAssembly
Native extension for WindowsStandalone target not found
Native extension for WebGL target not found
Refreshing native plugins compatible for Editor in 0.99 ms, found 1 plugins.
Preloading 0 native plugins for Editor in 0.00 ms.
Mono: successfully reloaded assembly
- Completed reload, in  2.056 seconds
Platform modules already initialized, skipping
Refreshing native plugins compatible for Editor in 2.74 ms, found 1 plugins.
Preloading 0 native plugins for Editor in 0.00 ms.
Unloading 3139 Unused Serialized files (Serialized files now loaded: 0)
System memory in use before: 122.6 MB.
System memory in use after: 122.8 MB.

Unloading 9 unused Assets to reduce memory usage. Loaded Objects now: 3630.
Total: 7.050200 ms (FindLiveObjects: 1.146300 ms CreateObjectMapping: 0.421200 ms MarkObjects: 5.414500 ms  DeleteObjects: 0.065000 ms)

========================================================================
Received Import Request.
  Time since last request: 566.213750 seconds.
  path: Assets/Scenes/SceneLast.unity
  artifactKey: Guid(7bfc2c8a75ca69241b846a1fc19feb17) Importer(815301076,1909f56bfc062723c751e8b465ee728b)
Start importing Assets/Scenes/SceneLast.unity using Guid(7bfc2c8a75ca69241b846a1fc19feb17) Importer(815301076,1909f56bfc062723c751e8b465ee728b)  -> (artifact id: 'b96fe0e83df129bb502ef7557d3acf35') in 0.031123 seconds
  Import took 0.038810 seconds .

========================================================================
Received Import Request.
  Time since last request: 0.145774 seconds.
  path: Assets/Scenes/SceneLast.unity
  artifactKey: Guid(7bfc2c8a75ca69241b846a1fc19feb17) Importer(815301076,1909f56bfc062723c751e8b465ee728b)
Start importing Assets/Scenes/SceneLast.unity using Guid(7bfc2c8a75ca69241b846a1fc19feb17) Importer(815301076,1909f56bfc062723c751e8b465ee728b)  -> (artifact id: 'b96fe0e83df129bb502ef7557d3acf35') in 0.004042 seconds
  Import took 0.013147 seconds .

========================================================================
Received Import Request.
  Time since last request: 17.249143 seconds.
  path: Assets/Scenes/Scene0.unity
  artifactKey: Guid(629ea49e3e87f5440b25c210b9d71c0c) Importer(815301076,1909f56bfc062723c751e8b465ee728b)
Start importing Assets/Scenes/Scene0.unity using Guid(629ea49e3e87f5440b25c210b9d71c0c) Importer(815301076,1909f56bfc062723c751e8b465ee728b)  -> (artifact id: '8ab3e29c08fa23be55d3edf25f410e77') in 0.016081 seconds
  Import took 0.029501 seconds .

========================================================================
Received Import Request.
  Time since last request: 55.302263 seconds.
  path: Assets/Graphics/MicrosoftTeams-image720dd354269d8aaaa5fd8eff35902aee2733a973fe110357101c5478e10e1bbf.png
  artifactKey: Guid(8ec5d50c51bfd644aa4966f4f6aba2fb) Importer(815301076,1909f56bfc062723c751e8b465ee728b)
Start importing Assets/Graphics/MicrosoftTeams-image720dd354269d8aaaa5fd8eff35902aee2733a973fe110357101c5478e10e1bbf.png using Guid(8ec5d50c51bfd644aa4966f4f6aba2fb) Importer(815301076,1909f56bfc062723c751e8b465ee728b)  -> (artifact id: '2fccd0d38e91e7cf3fdefb99826d1e34') in 0.199894 seconds
  Import took 0.210045 seconds .

========================================================================
Received Import Request.
  Time since last request: 0.000741 seconds.
  path: Assets/Graphics/moonlight2.png
  artifactKey: Guid(2c11310824a7c0043953ec2a24bc2416) Importer(815301076,1909f56bfc062723c751e8b465ee728b)
Start importing Assets/Graphics/moonlight2.png using Guid(2c11310824a7c0043953ec2a24bc2416) Importer(815301076,1909f56bfc062723c751e8b465ee728b)  -> (artifact id: '31c209c991764d744c9da3a38a443082') in 0.035905 seconds
  Import took 0.045216 seconds .

========================================================================
Received Import Request.
  Time since last request: 0.000335 seconds.
  path: Assets/Graphics/MicrosoftTeams-image720dd354269d8aaaa5fd8eff35902aee2733a973fe110357101c5478e10e1bbf.png
  artifactKey: Guid(8ec5d50c51bfd644aa4966f4f6aba2fb) Importer(815301076,1909f56bfc062723c751e8b465ee728b)
Start importing Assets/Graphics/MicrosoftTeams-image720dd354269d8aaaa5fd8eff35902aee2733a973fe110357101c5478e10e1bbf.png using Guid(8ec5d50c51bfd644aa4966f4f6aba2fb) Importer(815301076,1909f56bfc062723c751e8b465ee728b)  -> (artifact id: '2fccd0d38e91e7cf3fdefb99826d1e34') in 0.026801 seconds
  Import took 0.037083 seconds .

========================================================================
Received Prepare
Registering precompiled user dll's ...
Registered in 0.003710 seconds.
Begin MonoManager ReloadAssembly
Native extension for WindowsStandalone target not found
Native extension for WebGL target not found
Refreshing native plugins compatible for Editor in 1.29 ms, found 1 plugins.
Preloading 0 native plugins for Editor in 0.00 ms.
Mono: successfully reloaded assembly
- Completed reload, in  1.352 seconds
Platform modules already initialized, skipping
Refreshing native plugins compatible for Editor in 1.21 ms, found 1 plugins.
Preloading 0 native plugins for Editor in 0.00 ms.
Unloading 3139 Unused Serialized files (Serialized files now loaded: 0)
System memory in use before: 125.5 MB.
System memory in use after: 125.8 MB.

Unloading 9 unused Assets to reduce memory usage. Loaded Objects now: 3641.
Total: 4.174000 ms (FindLiveObjects: 0.583800 ms CreateObjectMapping: 0.374700 ms MarkObjects: 3.181000 ms  DeleteObjects: 0.032500 ms)

========================================================================
Received Prepare
Refreshing native plugins compatible for Editor in 2.78 ms, found 1 plugins.
Preloading 0 native plugins for Editor in 0.00 ms.
Unloading 7 Unused Serialized files (Serialized files now loaded: 0)
System memory in use before: 63.8 MB.
System memory in use after: 64.0 MB.

Unloading 6 unused Assets to reduce memory usage. Loaded Objects now: 3641.
Total: 3.753000 ms (FindLiveObjects: 0.470900 ms CreateObjectMapping: 0.139800 ms MarkObjects: 3.116100 ms  DeleteObjects: 0.023200 ms)

========================================================================
Received Import Request.
  Time since last request: 342.062951 seconds.
  path: Assets/Scenes/Scene0.unity
  artifactKey: Guid(629ea49e3e87f5440b25c210b9d71c0c) Importer(815301076,1909f56bfc062723c751e8b465ee728b)
Start importing Assets/Scenes/Scene0.unity using Guid(629ea49e3e87f5440b25c210b9d71c0c) Importer(815301076,1909f56bfc062723c751e8b465ee728b)  -> (artifact id: 'e254411a071e2a021aba7524115a3398') in 0.029952 seconds
  Import took 0.040725 seconds .

========================================================================
Received Prepare
Registering precompiled user dll's ...
Registered in 0.004096 seconds.
Begin MonoManager ReloadAssembly
Native extension for WindowsStandalone target not found
Native extension for WebGL target not found
Refreshing native plugins compatible for Editor in 2.98 ms, found 1 plugins.
Preloading 0 native plugins for Editor in 0.00 ms.
Mono: successfully reloaded assembly
- Completed reload, in  2.649 seconds
Platform modules already initialized, skipping
Refreshing native plugins compatible for Editor in 1.17 ms, found 1 plugins.
Preloading 0 native plugins for Editor in 0.00 ms.
Unloading 3139 Unused Serialized files (Serialized files now loaded: 0)
System memory in use before: 125.6 MB.
System memory in use after: 125.8 MB.

Unloading 9 unused Assets to reduce memory usage. Loaded Objects now: 3644.
Total: 6.094200 ms (FindLiveObjects: 0.930600 ms CreateObjectMapping: 0.327000 ms MarkObjects: 4.792800 ms  DeleteObjects: 0.040600 ms)

========================================================================
Received Prepare
Registering precompiled user dll's ...
Registered in 0.004725 seconds.
Begin MonoManager ReloadAssembly
Native extension for WindowsStandalone target not found
Native extension for WebGL target not found
Refreshing native plugins compatible for Editor in 2.61 ms, found 1 plugins.
Preloading 0 native plugins for Editor in 0.00 ms.
Mono: successfully reloaded assembly
- Completed reload, in  2.165 seconds
Platform modules already initialized, skipping
Refreshing native plugins compatible for Editor in 1.64 ms, found 1 plugins.
Preloading 0 native plugins for Editor in 0.00 ms.
Unloading 3139 Unused Serialized files (Serialized files now loaded: 0)
System memory in use before: 125.6 MB.
System memory in use after: 125.8 MB.

Unloading 9 unused Assets to reduce memory usage. Loaded Objects now: 3647.
Total: 12.450500 ms (FindLiveObjects: 1.976600 ms CreateObjectMapping: 0.978900 ms MarkObjects: 9.431800 ms  DeleteObjects: 0.056800 ms)

========================================================================
Received Prepare
Registering precompiled user dll's ...
Registered in 0.008126 seconds.
Begin MonoManager ReloadAssembly
Native extension for WindowsStandalone target not found
Native extension for WebGL target not found
Refreshing native plugins compatible for Editor in 2.23 ms, found 1 plugins.
Preloading 0 native plugins for Editor in 0.00 ms.
Mono: successfully reloaded assembly
- Completed reload, in  2.580 seconds
Platform modules already initialized, skipping
Refreshing native plugins compatible for Editor in 2.07 ms, found 1 plugins.
Preloading 0 native plugins for Editor in 0.00 ms.
Unloading 3139 Unused Serialized files (Serialized files now loaded: 0)
System memory in use before: 125.6 MB.
System memory in use after: 125.8 MB.

Unloading 9 unused Assets to reduce memory usage. Loaded Objects now: 3650.
Total: 9.784500 ms (FindLiveObjects: 1.961100 ms CreateObjectMapping: 0.285200 ms MarkObjects: 7.494800 ms  DeleteObjects: 0.040100 ms)

========================================================================
Received Prepare
Registering precompiled user dll's ...
Registered in 0.001698 seconds.
Begin MonoManager ReloadAssembly
Native extension for WindowsStandalone target not found
Native extension for WebGL target not found
Refreshing native plugins compatible for Editor in 1.03 ms, found 1 plugins.
Preloading 0 native plugins for Editor in 0.00 ms.
Mono: successfully reloaded assembly
- Completed reload, in  1.429 seconds
Platform modules already initialized, skipping
Refreshing native plugins compatible for Editor in 0.77 ms, found 1 plugins.
Preloading 0 native plugins for Editor in 0.00 ms.
Unloading 3139 Unused Serialized files (Serialized files now loaded: 0)
System memory in use before: 125.6 MB.
System memory in use after: 125.8 MB.

Unloading 9 unused Assets to reduce memory usage. Loaded Objects now: 3653.
Total: 4.841000 ms (FindLiveObjects: 0.650800 ms CreateObjectMapping: 0.549100 ms MarkObjects: 3.612300 ms  DeleteObjects: 0.026900 ms)

========================================================================
Received Prepare
Registering precompiled user dll's ...
Registered in 0.003354 seconds.
Begin MonoManager ReloadAssembly
Native extension for WindowsStandalone target not found
Native extension for WebGL target not found
Refreshing native plugins compatible for Editor in 0.75 ms, found 1 plugins.
Preloading 0 native plugins for Editor in 0.00 ms.
Mono: successfully reloaded assembly
- Completed reload, in  1.335 seconds
Platform modules already initialized, skipping
Refreshing native plugins compatible for Editor in 1.13 ms, found 1 plugins.
Preloading 0 native plugins for Editor in 0.00 ms.
Unloading 3139 Unused Serialized files (Serialized files now loaded: 0)
System memory in use before: 125.6 MB.
System memory in use after: 125.8 MB.

Unloading 9 unused Assets to reduce memory usage. Loaded Objects now: 3656.
Total: 7.954800 ms (FindLiveObjects: 0.689200 ms CreateObjectMapping: 0.448800 ms MarkObjects: 6.775800 ms  DeleteObjects: 0.038800 ms)

========================================================================
Received Prepare
Registering precompiled user dll's ...
Registered in 0.005747 seconds.
Begin MonoManager ReloadAssembly
Native extension for WindowsStandalone target not found
Native extension for WebGL target not found
Refreshing native plugins compatible for Editor in 1.55 ms, found 1 plugins.
Preloading 0 native plugins for Editor in 0.00 ms.
Mono: successfully reloaded assembly
- Completed reload, in  2.384 seconds
Platform modules already initialized, skipping
Refreshing native plugins compatible for Editor in 1.40 ms, found 1 plugins.
Preloading 0 native plugins for Editor in 0.00 ms.
Unloading 3139 Unused Serialized files (Serialized files now loaded: 0)
System memory in use before: 125.6 MB.
System memory in use after: 125.8 MB.

Unloading 9 unused Assets to reduce memory usage. Loaded Objects now: 3659.
Total: 6.934700 ms (FindLiveObjects: 0.481300 ms CreateObjectMapping: 0.520300 ms MarkObjects: 5.863100 ms  DeleteObjects: 0.065500 ms)

========================================================================
Received Prepare
Registering precompiled user dll's ...
Registered in 0.001652 seconds.
Begin MonoManager ReloadAssembly
Native extension for WindowsStandalone target not found
Native extension for WebGL target not found
Refreshing native plugins compatible for Editor in 0.70 ms, found 1 plugins.
Preloading 0 native plugins for Editor in 0.00 ms.
Mono: successfully reloaded assembly
- Completed reload, in  1.337 seconds
Platform modules already initialized, skipping
Refreshing native plugins compatible for Editor in 1.11 ms, found 1 plugins.
Preloading 0 native plugins for Editor in 0.00 ms.
Unloading 3139 Unused Serialized files (Serialized files now loaded: 0)
System memory in use before: 125.6 MB.
System memory in use after: 125.8 MB.

Unloading 9 unused Assets to reduce memory usage. Loaded Objects now: 3662.
Total: 4.184700 ms (FindLiveObjects: 0.603400 ms CreateObjectMapping: 0.169100 ms MarkObjects: 3.385800 ms  DeleteObjects: 0.025100 ms)

========================================================================
Received Prepare
Registering precompiled user dll's ...
Registered in 0.001625 seconds.
Begin MonoManager ReloadAssembly
Native extension for WindowsStandalone target not found
Native extension for WebGL target not found
Refreshing native plugins compatible for Editor in 1.26 ms, found 1 plugins.
Preloading 0 native plugins for Editor in 0.00 ms.
Mono: successfully reloaded assembly
- Completed reload, in  1.441 seconds
Platform modules already initialized, skipping
Refreshing native plugins compatible for Editor in 1.48 ms, found 1 plugins.
Preloading 0 native plugins for Editor in 0.00 ms.
Unloading 3139 Unused Serialized files (Serialized files now loaded: 0)
System memory in use before: 125.6 MB.
System memory in use after: 125.8 MB.

Unloading 9 unused Assets to reduce memory usage. Loaded Objects now: 3665.
Total: 3.701900 ms (FindLiveObjects: 0.436200 ms CreateObjectMapping: 0.140700 ms MarkObjects: 3.100100 ms  DeleteObjects: 0.023100 ms)

========================================================================
Received Prepare
Registering precompiled user dll's ...
Registered in 0.002058 seconds.
Begin MonoManager ReloadAssembly
Native extension for WindowsStandalone target not found
Native extension for WebGL target not found
Refreshing native plugins compatible for Editor in 0.73 ms, found 1 plugins.
Preloading 0 native plugins for Editor in 0.00 ms.
Mono: successfully reloaded assembly
- Completed reload, in  1.405 seconds
Platform modules already initialized, skipping
Refreshing native plugins compatible for Editor in 1.03 ms, found 1 plugins.
Preloading 0 native plugins for Editor in 0.00 ms.
Unloading 3139 Unused Serialized files (Serialized files now loaded: 0)
System memory in use before: 125.6 MB.
System memory in use after: 125.8 MB.

Unloading 9 unused Assets to reduce memory usage. Loaded Objects now: 3668.
Total: 5.687100 ms (FindLiveObjects: 0.552400 ms CreateObjectMapping: 0.250200 ms MarkObjects: 4.845300 ms  DeleteObjects: 0.036500 ms)

========================================================================
Received Prepare
Registering precompiled user dll's ...
Registered in 0.002806 seconds.
Begin MonoManager ReloadAssembly
Native extension for WindowsStandalone target not found
Native extension for WebGL target not found
Refreshing native plugins compatible for Editor in 2.17 ms, found 1 plugins.
Preloading 0 native plugins for Editor in 0.00 ms.
Mono: successfully reloaded assembly
- Completed reload, in  2.110 seconds
Platform modules already initialized, skipping
Refreshing native plugins compatible for Editor in 1.77 ms, found 1 plugins.
Preloading 0 native plugins for Editor in 0.00 ms.
Unloading 3139 Unused Serialized files (Serialized files now loaded: 0)
System memory in use before: 125.6 MB.
System memory in use after: 125.9 MB.

Unloading 9 unused Assets to reduce memory usage. Loaded Objects now: 3671.
Total: 5.436900 ms (FindLiveObjects: 0.654500 ms CreateObjectMapping: 0.132000 ms MarkObjects: 4.623500 ms  DeleteObjects: 0.023000 ms)

========================================================================
Received Prepare
Registering precompiled user dll's ...
Registered in 0.001888 seconds.
Begin MonoManager ReloadAssembly
Native extension for WindowsStandalone target not found
Native extension for WebGL target not found
Refreshing native plugins compatible for Editor in 0.76 ms, found 1 plugins.
Preloading 0 native plugins for Editor in 0.00 ms.
Mono: successfully reloaded assembly
- Completed reload, in  1.429 seconds
Platform modules already initialized, skipping
Refreshing native plugins compatible for Editor in 0.73 ms, found 1 plugins.
Preloading 0 native plugins for Editor in 0.00 ms.
Unloading 3139 Unused Serialized files (Serialized files now loaded: 0)
System memory in use before: 125.6 MB.
System memory in use after: 125.9 MB.

Unloading 9 unused Assets to reduce memory usage. Loaded Objects now: 3674.
Total: 6.261400 ms (FindLiveObjects: 0.850900 ms CreateObjectMapping: 0.603700 ms MarkObjects: 4.770800 ms  DeleteObjects: 0.031800 ms)

========================================================================
Received Prepare
Registering precompiled user dll's ...
Registered in 0.019009 seconds.
Begin MonoManager ReloadAssembly
Native extension for WindowsStandalone target not found
Native extension for WebGL target not found
Refreshing native plugins compatible for Editor in 3.82 ms, found 1 plugins.
Preloading 0 native plugins for Editor in 0.00 ms.
Mono: successfully reloaded assembly
- Completed reload, in  3.384 seconds
Platform modules already initialized, skipping
Refreshing native plugins compatible for Editor in 3.51 ms, found 1 plugins.
Preloading 0 native plugins for Editor in 0.00 ms.
Unloading 3139 Unused Serialized files (Serialized files now loaded: 0)
System memory in use before: 125.6 MB.
System memory in use after: 125.9 MB.

Unloading 9 unused Assets to reduce memory usage. Loaded Objects now: 3677.
Total: 16.741400 ms (FindLiveObjects: 2.134300 ms CreateObjectMapping: 3.993500 ms MarkObjects: 10.577600 ms  DeleteObjects: 0.032600 ms)

========================================================================
Received Prepare
Registering precompiled user dll's ...
Registered in 0.005368 seconds.
Begin MonoManager ReloadAssembly
Native extension for WindowsStandalone target not found
Native extension for WebGL target not found
Refreshing native plugins compatible for Editor in 2.99 ms, found 1 plugins.
Preloading 0 native plugins for Editor in 0.00 ms.
Mono: successfully reloaded assembly
- Completed reload, in  2.788 seconds
Platform modules already initialized, skipping
Refreshing native plugins compatible for Editor in 1.28 ms, found 1 plugins.
Preloading 0 native plugins for Editor in 0.00 ms.
Unloading 3139 Unused Serialized files (Serialized files now loaded: 0)
System memory in use before: 125.7 MB.
System memory in use after: 125.9 MB.

Unloading 9 unused Assets to reduce memory usage. Loaded Objects now: 3680.
Total: 6.619300 ms (FindLiveObjects: 1.291600 ms CreateObjectMapping: 0.768100 ms MarkObjects: 4.526700 ms  DeleteObjects: 0.030100 ms)

========================================================================
Received Prepare
Registering precompiled user dll's ...
Registered in 0.003949 seconds.
Begin MonoManager ReloadAssembly
Native extension for WindowsStandalone target not found
Native extension for WebGL target not found
Refreshing native plugins compatible for Editor in 1.89 ms, found 1 plugins.
Preloading 0 native plugins for Editor in 0.00 ms.
Mono: successfully reloaded assembly
- Completed reload, in  2.062 seconds
Platform modules already initialized, skipping
Refreshing native plugins compatible for Editor in 0.94 ms, found 1 plugins.
Preloading 0 native plugins for Editor in 0.00 ms.
Unloading 3139 Unused Serialized files (Serialized files now loaded: 0)
System memory in use before: 125.7 MB.
System memory in use after: 125.9 MB.

Unloading 9 unused Assets to reduce memory usage. Loaded Objects now: 3683.
Total: 12.060400 ms (FindLiveObjects: 2.477900 ms CreateObjectMapping: 1.074800 ms MarkObjects: 8.449300 ms  DeleteObjects: 0.053400 ms)

========================================================================
Received Prepare
Registering precompiled user dll's ...
Registered in 0.003626 seconds.
Begin MonoManager ReloadAssembly
Native extension for WindowsStandalone target not found
Native extension for WebGL target not found
Refreshing native plugins compatible for Editor in 0.81 ms, found 1 plugins.
Preloading 0 native plugins for Editor in 0.00 ms.
Mono: successfully reloaded assembly
- Completed reload, in  1.370 seconds
Platform modules already initialized, skipping
Refreshing native plugins compatible for Editor in 0.91 ms, found 1 plugins.
Preloading 0 native plugins for Editor in 0.00 ms.
Unloading 3139 Unused Serialized files (Serialized files now loaded: 0)
System memory in use before: 125.7 MB.
System memory in use after: 125.9 MB.

Unloading 9 unused Assets to reduce memory usage. Loaded Objects now: 3686.
Total: 3.269300 ms (FindLiveObjects: 0.443600 ms CreateObjectMapping: 0.111100 ms MarkObjects: 2.687300 ms  DeleteObjects: 0.025500 ms)

========================================================================
Received Import Request.
  Time since last request: 1821.134180 seconds.
  path: Assets/Scenes/MainMenu.unity
  artifactKey: Guid(5b70f5301ca901c4cb6845aaaa362022) Importer(815301076,1909f56bfc062723c751e8b465ee728b)
Start importing Assets/Scenes/MainMenu.unity using Guid(5b70f5301ca901c4cb6845aaaa362022) Importer(815301076,1909f56bfc062723c751e8b465ee728b)  -> (artifact id: 'ae28cfd79c7cfab7c69e83d1c81b7145') in 0.032013 seconds
  Import took 0.041286 seconds .

========================================================================
Received Import Request.
  Time since last request: 1.565104 seconds.
  path: Assets/Scenes/Scene2.unity
  artifactKey: Guid(fe3b99ff899081946be320ea24eb5d02) Importer(815301076,1909f56bfc062723c751e8b465ee728b)
Start importing Assets/Scenes/Scene2.unity using Guid(fe3b99ff899081946be320ea24eb5d02) Importer(815301076,1909f56bfc062723c751e8b465ee728b)  -> (artifact id: '81b2737448f068ff3db3251c20215d0a') in 0.019631 seconds
  Import took 0.034056 seconds .

========================================================================
Received Import Request.
  Time since last request: 0.777579 seconds.
  path: Assets/Scenes/SceneLast.unity
  artifactKey: Guid(7bfc2c8a75ca69241b846a1fc19feb17) Importer(815301076,1909f56bfc062723c751e8b465ee728b)
Start importing Assets/Scenes/SceneLast.unity using Guid(7bfc2c8a75ca69241b846a1fc19feb17) Importer(815301076,1909f56bfc062723c751e8b465ee728b)  -> (artifact id: '7df21eed844f9a5f94f7e3692ce1b25f') in 0.019608 seconds
  Import took 0.031550 seconds .

========================================================================
Received Prepare
Registering precompiled user dll's ...
Registered in 0.002056 seconds.
Begin MonoManager ReloadAssembly
Native extension for WindowsStandalone target not found
Native extension for WebGL target not found
Refreshing native plugins compatible for Editor in 1.16 ms, found 1 plugins.
Preloading 0 native plugins for Editor in 0.00 ms.
Mono: successfully reloaded assembly
- Completed reload, in  1.627 seconds
Platform modules already initialized, skipping
Refreshing native plugins compatible for Editor in 1.50 ms, found 1 plugins.
Preloading 0 native plugins for Editor in 0.00 ms.
Unloading 3139 Unused Serialized files (Serialized files now loaded: 0)
System memory in use before: 125.7 MB.
System memory in use after: 125.9 MB.

Unloading 9 unused Assets to reduce memory usage. Loaded Objects now: 3689.
Total: 6.540200 ms (FindLiveObjects: 0.744400 ms CreateObjectMapping: 0.441500 ms MarkObjects: 5.318000 ms  DeleteObjects: 0.034700 ms)

========================================================================
Received Import Request.
  Time since last request: 50.418431 seconds.
  path: Assets/Scripts/Scene0/TextWritingEffect.cs
  artifactKey: Guid(a17d52f8a87ec87429ea909afd7a9506) Importer(815301076,1909f56bfc062723c751e8b465ee728b)
Start importing Assets/Scripts/Scene0/TextWritingEffect.cs using Guid(a17d52f8a87ec87429ea909afd7a9506) Importer(815301076,1909f56bfc062723c751e8b465ee728b)  -> (artifact id: '8d531ab3dd453facc452e13b4423866e') in 0.045552 seconds
  Import took 0.055074 seconds .

========================================================================
Received Prepare
Registering precompiled user dll's ...
Registered in 0.002938 seconds.
Begin MonoManager ReloadAssembly
Native extension for WindowsStandalone target not found
Native extension for WebGL target not found
Refreshing native plugins compatible for Editor in 2.11 ms, found 1 plugins.
Preloading 0 native plugins for Editor in 0.00 ms.
Mono: successfully reloaded assembly
- Completed reload, in  2.420 seconds
Platform modules already initialized, skipping
Refreshing native plugins compatible for Editor in 1.71 ms, found 1 plugins.
Preloading 0 native plugins for Editor in 0.00 ms.
Unloading 3139 Unused Serialized files (Serialized files now loaded: 0)
System memory in use before: 125.7 MB.
System memory in use after: 125.9 MB.

Unloading 9 unused Assets to reduce memory usage. Loaded Objects now: 3692.
Total: 9.507000 ms (FindLiveObjects: 2.090000 ms CreateObjectMapping: 1.108700 ms MarkObjects: 6.239500 ms  DeleteObjects: 0.056600 ms)

========================================================================
Received Prepare
Refreshing native plugins compatible for Editor in 3.10 ms, found 1 plugins.
Preloading 0 native plugins for Editor in 0.00 ms.
Unloading 7 Unused Serialized files (Serialized files now loaded: 0)
System memory in use before: 63.9 MB.
System memory in use after: 64.2 MB.

Unloading 6 unused Assets to reduce memory usage. Loaded Objects now: 3692.
Total: 65.916300 ms (FindLiveObjects: 1.072800 ms CreateObjectMapping: 0.142900 ms MarkObjects: 64.670400 ms  DeleteObjects: 0.027400 ms)

========================================================================
Received Prepare
Registering precompiled user dll's ...
Registered in 0.002403 seconds.
Begin MonoManager ReloadAssembly
Native extension for WindowsStandalone target not found
Native extension for WebGL target not found
Refreshing native plugins compatible for Editor in 0.66 ms, found 1 plugins.
Preloading 0 native plugins for Editor in 0.00 ms.
Mono: successfully reloaded assembly
- Completed reload, in  1.528 seconds
Platform modules already initialized, skipping
Refreshing native plugins compatible for Editor in 0.79 ms, found 1 plugins.
Preloading 0 native plugins for Editor in 0.00 ms.
Unloading 3139 Unused Serialized files (Serialized files now loaded: 0)
System memory in use before: 125.7 MB.
System memory in use after: 125.9 MB.

Unloading 9 unused Assets to reduce memory usage. Loaded Objects now: 3695.
Total: 3.060000 ms (FindLiveObjects: 0.365800 ms CreateObjectMapping: 0.094100 ms MarkObjects: 2.576700 ms  DeleteObjects: 0.022100 ms)

========================================================================
Received Prepare
Refreshing native plugins compatible for Editor in 2.69 ms, found 1 plugins.
Preloading 0 native plugins for Editor in 0.00 ms.
Unloading 7 Unused Serialized files (Serialized files now loaded: 0)
System memory in use before: 63.9 MB.
System memory in use after: 64.2 MB.

Unloading 6 unused Assets to reduce memory usage. Loaded Objects now: 3695.
Total: 4.338200 ms (FindLiveObjects: 0.527100 ms CreateObjectMapping: 0.188400 ms MarkObjects: 3.436600 ms  DeleteObjects: 0.184300 ms)

========================================================================
Received Prepare
Registering precompiled user dll's ...
Registered in 0.001557 seconds.
Begin MonoManager ReloadAssembly
Native extension for WindowsStandalone target not found
Native extension for WebGL target not found
Refreshing native plugins compatible for Editor in 0.65 ms, found 1 plugins.
Preloading 0 native plugins for Editor in 0.00 ms.
Mono: successfully reloaded assembly
- Completed reload, in  1.176 seconds
Platform modules already initialized, skipping
Refreshing native plugins compatible for Editor in 0.65 ms, found 1 plugins.
Preloading 0 native plugins for Editor in 0.00 ms.
Unloading 3139 Unused Serialized files (Serialized files now loaded: 0)
System memory in use before: 125.7 MB.
System memory in use after: 126.0 MB.

Unloading 9 unused Assets to reduce memory usage. Loaded Objects now: 3698.
Total: 3.891300 ms (FindLiveObjects: 0.495100 ms CreateObjectMapping: 0.162700 ms MarkObjects: 3.207300 ms  DeleteObjects: 0.024700 ms)

========================================================================
Received Prepare
Refreshing native plugins compatible for Editor in 2.16 ms, found 1 plugins.
Preloading 0 native plugins for Editor in 0.00 ms.
Unloading 7 Unused Serialized files (Serialized files now loaded: 0)
System memory in use before: 64.0 MB.
System memory in use after: 64.2 MB.

Unloading 6 unused Assets to reduce memory usage. Loaded Objects now: 3698.
Total: 3.400300 ms (FindLiveObjects: 0.389100 ms CreateObjectMapping: 0.108900 ms MarkObjects: 2.879600 ms  DeleteObjects: 0.021300 ms)

========================================================================
Received Prepare
Refreshing native plugins compatible for Editor in 1.92 ms, found 1 plugins.
Preloading 0 native plugins for Editor in 0.00 ms.
Unloading 7 Unused Serialized files (Serialized files now loaded: 0)
System memory in use before: 64.0 MB.
System memory in use after: 64.2 MB.

Unloading 6 unused Assets to reduce memory usage. Loaded Objects now: 3698.
Total: 3.538000 ms (FindLiveObjects: 0.621200 ms CreateObjectMapping: 0.214200 ms MarkObjects: 2.675200 ms  DeleteObjects: 0.025000 ms)

AssetImportWorkerClient::OnTransportError - code=2 error=End of file
