Using pre-set license
Built from '2020.3/staging' branch; Version is '2020.3.5f1 (8095aa901b9b) revision 8426922'; Using compiler version '192528614'; Build Type 'Release'
OS: 'Windows 10 Home Single Language; OS build 19042.985; Version 2009; 64bit' Language: 'en' Physical Memory: 7617 MB
BatchMode: 1, IsHumanControllingUs: 0, StartBugReporterOnCrash: 0, Is64bit: 1, IsPro: 0

 COMMAND LINE ARGUMENTS:
D:\gameunity\2020.3.5f1\Editor\Unity.exe
-adb2
-batchMode
-noUpm
-name
AssetImportWorker0
-projectPath
D:/gameunity/Knight2D
-logFile
Logs/AssetImportWorker0.log
-srvPort
63578
Successfully changed project path to: D:/gameunity/Knight2D
D:/gameunity/Knight2D
Using Asset Import Pipeline V2.
Refreshing native plugins compatible for Editor in 84.90 ms, found 1 plugins.
Preloading 0 native plugins for Editor in 0.00 ms.
Initialize engine version: 2020.3.5f1 (8095aa901b9b)
[Subsystems] Discovering subsystems at path D:/gameunity/2020.3.5f1/Editor/Data/Resources/UnitySubsystems
[Subsystems] Discovering subsystems at path D:/gameunity/Knight2D/Assets
GfxDevice: creating device client; threaded=0
Direct3D:
    Version:  Direct3D 11.0 [level 11.1]
    Renderer: NVIDIA GeForce GTX 1050 (ID=0x1c91)
    Vendor:   
    VRAM:     2996 MB
    Driver:   27.21.14.6133
Initialize mono
Mono path[0] = 'D:/gameunity/2020.3.5f1/Editor/Data/Managed'
Mono path[1] = 'D:/gameunity/2020.3.5f1/Editor/Data/MonoBleedingEdge/lib/mono/unityjit'
Mono config path = 'D:/gameunity/2020.3.5f1/Editor/Data/MonoBleedingEdge/etc'
Using monoOptions --debugger-agent=transport=dt_socket,embedding=1,server=y,suspend=n,address=127.0.0.1:56292
Begin MonoManager ReloadAssembly
Registering precompiled unity dll's ...
Register platform support module: D:/gameunity/2020.3.5f1/Editor/Data/PlaybackEngines/WebGLSupport/UnityEditor.WebGL.Extensions.dll
Register platform support module: D:/gameunity/2020.3.5f1/Editor/Data/PlaybackEngines/WindowsStandaloneSupport/UnityEditor.WindowsStandalone.Extensions.dll
Registered in 0.001965 seconds.
Native extension for WindowsStandalone target not found
Native extension for WebGL target not found
Refreshing native plugins compatible for Editor in 73.94 ms, found 1 plugins.
Preloading 0 native plugins for Editor in 0.00 ms.
Mono: successfully reloaded assembly
- Completed reload, in  1.300 seconds
Platform modules already initialized, skipping
Registering precompiled user dll's ...
Registered in 0.001685 seconds.
Begin MonoManager ReloadAssembly
Native extension for WindowsStandalone target not found
Native extension for WebGL target not found
Refreshing native plugins compatible for Editor in 73.95 ms, found 1 plugins.
Preloading 0 native plugins for Editor in 0.00 ms.
Mono: successfully reloaded assembly
- Completed reload, in  1.318 seconds
Platform modules already initialized, skipping
========================================================================
Worker process is ready to serve import requests
Launched and connected shader compiler UnityShaderCompiler.exe after 0.05 seconds
Refreshing native plugins compatible for Editor in 0.87 ms, found 1 plugins.
Preloading 0 native plugins for Editor in 0.00 ms.
Unloading 3160 Unused Serialized files (Serialized files now loaded: 0)
System memory in use before: 124.0 MB.
System memory in use after: 124.2 MB.

Unloading 19 unused Assets to reduce memory usage. Loaded Objects now: 3612.
Total: 3.542900 ms (FindLiveObjects: 0.354100 ms CreateObjectMapping: 0.095500 ms MarkObjects: 3.050300 ms  DeleteObjects: 0.041100 ms)

========================================================================
Received Import Request.
  path: Assets/Scenes/Scene3.unity
  artifactKey: Guid(984ede4137250934393c43276219b4e7) Importer(815301076,1909f56bfc062723c751e8b465ee728b)
Start importing Assets/Scenes/Scene3.unity using Guid(984ede4137250934393c43276219b4e7) Importer(815301076,1909f56bfc062723c751e8b465ee728b)  -> (artifact id: '0303e568d097068f41479fdc9fb0aeb8') in 0.025001 seconds
  Import took 0.031860 seconds .

========================================================================
Received Prepare
Registering precompiled user dll's ...
Registered in 0.001845 seconds.
Begin MonoManager ReloadAssembly
Native extension for WindowsStandalone target not found
Native extension for WebGL target not found
Refreshing native plugins compatible for Editor in 1.05 ms, found 1 plugins.
Preloading 0 native plugins for Editor in 0.00 ms.
Mono: successfully reloaded assembly
- Completed reload, in  1.251 seconds
Platform modules already initialized, skipping
Refreshing native plugins compatible for Editor in 0.94 ms, found 1 plugins.
Preloading 0 native plugins for Editor in 0.00 ms.
Unloading 3139 Unused Serialized files (Serialized files now loaded: 0)
System memory in use before: 122.4 MB.
System memory in use after: 122.6 MB.

Unloading 9 unused Assets to reduce memory usage. Loaded Objects now: 3615.
Total: 3.775900 ms (FindLiveObjects: 0.403900 ms CreateObjectMapping: 0.125800 ms MarkObjects: 3.210700 ms  DeleteObjects: 0.034000 ms)

========================================================================
Received Prepare
Registering precompiled user dll's ...
Registered in 0.002667 seconds.
Begin MonoManager ReloadAssembly
Native extension for WindowsStandalone target not found
Native extension for WebGL target not found
Refreshing native plugins compatible for Editor in 0.68 ms, found 1 plugins.
Preloading 0 native plugins for Editor in 0.00 ms.
Mono: successfully reloaded assembly
- Completed reload, in  1.169 seconds
Platform modules already initialized, skipping
Refreshing native plugins compatible for Editor in 0.88 ms, found 1 plugins.
Preloading 0 native plugins for Editor in 0.00 ms.
Unloading 3139 Unused Serialized files (Serialized files now loaded: 0)
System memory in use before: 122.5 MB.
System memory in use after: 122.7 MB.

Unloading 9 unused Assets to reduce memory usage. Loaded Objects now: 3618.
Total: 4.114900 ms (FindLiveObjects: 0.576900 ms CreateObjectMapping: 0.221200 ms MarkObjects: 3.276900 ms  DeleteObjects: 0.038300 ms)

========================================================================
Received Prepare
Registering precompiled user dll's ...
Registered in 0.001694 seconds.
Begin MonoManager ReloadAssembly
Native extension for WindowsStandalone target not found
Native extension for WebGL target not found
Refreshing native plugins compatible for Editor in 0.68 ms, found 1 plugins.
Preloading 0 native plugins for Editor in 0.00 ms.
Mono: successfully reloaded assembly
- Completed reload, in  1.209 seconds
Platform modules already initialized, skipping
Refreshing native plugins compatible for Editor in 0.99 ms, found 1 plugins.
Preloading 0 native plugins for Editor in 0.00 ms.
Unloading 3139 Unused Serialized files (Serialized files now loaded: 0)
System memory in use before: 122.5 MB.
System memory in use after: 122.7 MB.

Unloading 9 unused Assets to reduce memory usage. Loaded Objects now: 3621.
Total: 3.611200 ms (FindLiveObjects: 0.474700 ms CreateObjectMapping: 0.144100 ms MarkObjects: 2.965500 ms  DeleteObjects: 0.025500 ms)

========================================================================
Received Prepare
Registering precompiled user dll's ...
Registered in 0.001764 seconds.
Begin MonoManager ReloadAssembly
Native extension for WindowsStandalone target not found
Native extension for WebGL target not found
Refreshing native plugins compatible for Editor in 0.68 ms, found 1 plugins.
Preloading 0 native plugins for Editor in 0.00 ms.
Mono: successfully reloaded assembly
- Completed reload, in  1.156 seconds
Platform modules already initialized, skipping
Refreshing native plugins compatible for Editor in 0.69 ms, found 1 plugins.
Preloading 0 native plugins for Editor in 0.00 ms.
Unloading 3139 Unused Serialized files (Serialized files now loaded: 0)
System memory in use before: 122.5 MB.
System memory in use after: 122.8 MB.

Unloading 9 unused Assets to reduce memory usage. Loaded Objects now: 3624.
Total: 3.842600 ms (FindLiveObjects: 0.437500 ms CreateObjectMapping: 0.140600 ms MarkObjects: 3.238100 ms  DeleteObjects: 0.024700 ms)

========================================================================
Received Import Request.
  Time since last request: 418.186702 seconds.
  path: Assets/Scripts/GroundCheck.cs
  artifactKey: Guid(152378c83cc45b7439ee638b90957931) Importer(815301076,1909f56bfc062723c751e8b465ee728b)
Start importing Assets/Scripts/GroundCheck.cs using Guid(152378c83cc45b7439ee638b90957931) Importer(815301076,1909f56bfc062723c751e8b465ee728b)  -> (artifact id: '58324920b79afd4d851784435ce82388') in 0.114364 seconds
  Import took 0.122003 seconds .

========================================================================
Received Prepare
Registering precompiled user dll's ...
Registered in 0.002308 seconds.
Begin MonoManager ReloadAssembly
Native extension for WindowsStandalone target not found
Native extension for WebGL target not found
Refreshing native plugins compatible for Editor in 0.76 ms, found 1 plugins.
Preloading 0 native plugins for Editor in 0.00 ms.
Mono: successfully reloaded assembly
- Completed reload, in  1.225 seconds
Platform modules already initialized, skipping
Refreshing native plugins compatible for Editor in 0.78 ms, found 1 plugins.
Preloading 0 native plugins for Editor in 0.00 ms.
Unloading 3139 Unused Serialized files (Serialized files now loaded: 0)
System memory in use before: 122.5 MB.
System memory in use after: 122.8 MB.

Unloading 9 unused Assets to reduce memory usage. Loaded Objects now: 3627.
Total: 3.143900 ms (FindLiveObjects: 0.411100 ms CreateObjectMapping: 0.142400 ms MarkObjects: 2.566200 ms  DeleteObjects: 0.022500 ms)

========================================================================
Received Import Request.
  Time since last request: 33.011251 seconds.
  path: Assets/Scripts/GroundCheck.cs
  artifactKey: Guid(152378c83cc45b7439ee638b90957931) Importer(815301076,1909f56bfc062723c751e8b465ee728b)
Start importing Assets/Scripts/GroundCheck.cs using Guid(152378c83cc45b7439ee638b90957931) Importer(815301076,1909f56bfc062723c751e8b465ee728b)  -> (artifact id: '5fa064511dd904b2fa7c6aba3b668af2') in 0.012967 seconds
  Import took 0.018718 seconds .

========================================================================
Received Prepare
Registering precompiled user dll's ...
Registered in 0.001675 seconds.
Begin MonoManager ReloadAssembly
Native extension for WindowsStandalone target not found
Native extension for WebGL target not found
Refreshing native plugins compatible for Editor in 0.86 ms, found 1 plugins.
Preloading 0 native plugins for Editor in 0.00 ms.
Mono: successfully reloaded assembly
- Completed reload, in  1.487 seconds
Platform modules already initialized, skipping
Refreshing native plugins compatible for Editor in 0.78 ms, found 1 plugins.
Preloading 0 native plugins for Editor in 0.00 ms.
Unloading 3139 Unused Serialized files (Serialized files now loaded: 0)
System memory in use before: 122.6 MB.
System memory in use after: 122.8 MB.

Unloading 9 unused Assets to reduce memory usage. Loaded Objects now: 3630.
Total: 4.001100 ms (FindLiveObjects: 0.813800 ms CreateObjectMapping: 0.469700 ms MarkObjects: 2.691600 ms  DeleteObjects: 0.024300 ms)

========================================================================
Received Prepare
Registering precompiled user dll's ...
Registered in 0.001673 seconds.
Begin MonoManager ReloadAssembly
Native extension for WindowsStandalone target not found
Native extension for WebGL target not found
Refreshing native plugins compatible for Editor in 0.66 ms, found 1 plugins.
Preloading 0 native plugins for Editor in 0.00 ms.
Mono: successfully reloaded assembly
- Completed reload, in  1.148 seconds
Platform modules already initialized, skipping
Refreshing native plugins compatible for Editor in 0.65 ms, found 1 plugins.
Preloading 0 native plugins for Editor in 0.00 ms.
Unloading 3139 Unused Serialized files (Serialized files now loaded: 0)
System memory in use before: 122.6 MB.
System memory in use after: 122.8 MB.

Unloading 9 unused Assets to reduce memory usage. Loaded Objects now: 3633.
Total: 3.257300 ms (FindLiveObjects: 0.399200 ms CreateObjectMapping: 0.117200 ms MarkObjects: 2.716300 ms  DeleteObjects: 0.023100 ms)

========================================================================
Received Prepare
Refreshing native plugins compatible for Editor in 2.71 ms, found 1 plugins.
Preloading 0 native plugins for Editor in 0.00 ms.
Unloading 7 Unused Serialized files (Serialized files now loaded: 0)
System memory in use before: 60.8 MB.
System memory in use after: 61.0 MB.

Unloading 6 unused Assets to reduce memory usage. Loaded Objects now: 3633.
Total: 4.209200 ms (FindLiveObjects: 0.447800 ms CreateObjectMapping: 0.169000 ms MarkObjects: 3.566100 ms  DeleteObjects: 0.023700 ms)

========================================================================
Received Prepare
Refreshing native plugins compatible for Editor in 1.97 ms, found 1 plugins.
Preloading 0 native plugins for Editor in 0.00 ms.
Unloading 7 Unused Serialized files (Serialized files now loaded: 0)
System memory in use before: 60.8 MB.
System memory in use after: 61.0 MB.

Unloading 6 unused Assets to reduce memory usage. Loaded Objects now: 3633.
Total: 3.580900 ms (FindLiveObjects: 0.424400 ms CreateObjectMapping: 0.119500 ms MarkObjects: 3.011600 ms  DeleteObjects: 0.023500 ms)

========================================================================
Received Prepare
Refreshing native plugins compatible for Editor in 32.05 ms, found 1 plugins.
Preloading 0 native plugins for Editor in 0.00 ms.
Unloading 7 Unused Serialized files (Serialized files now loaded: 0)
System memory in use before: 60.8 MB.
System memory in use after: 61.0 MB.

Unloading 6 unused Assets to reduce memory usage. Loaded Objects now: 3633.
Total: 35.698400 ms (FindLiveObjects: 5.011100 ms CreateObjectMapping: 1.661000 ms MarkObjects: 28.926900 ms  DeleteObjects: 0.036900 ms)

========================================================================
Received Prepare
Registering precompiled user dll's ...
Registered in 0.004719 seconds.
Begin MonoManager ReloadAssembly
Native extension for WindowsStandalone target not found
Native extension for WebGL target not found
Refreshing native plugins compatible for Editor in 31.91 ms, found 1 plugins.
Preloading 0 native plugins for Editor in 0.00 ms.
Mono: successfully reloaded assembly
- Completed reload, in 13.271 seconds
Platform modules already initialized, skipping
Refreshing native plugins compatible for Editor in 2.82 ms, found 1 plugins.
Preloading 0 native plugins for Editor in 0.00 ms.
Unloading 3139 Unused Serialized files (Serialized files now loaded: 0)
System memory in use before: 122.6 MB.
System memory in use after: 122.8 MB.

Unloading 9 unused Assets to reduce memory usage. Loaded Objects now: 3636.
Total: 20.311200 ms (FindLiveObjects: 3.301200 ms CreateObjectMapping: 2.755400 ms MarkObjects: 14.153300 ms  DeleteObjects: 0.097000 ms)

========================================================================
Received Prepare
Registering precompiled user dll's ...
Registered in 0.006460 seconds.
Begin MonoManager ReloadAssembly
Native extension for WindowsStandalone target not found
Native extension for WebGL target not found
Refreshing native plugins compatible for Editor in 3.86 ms, found 1 plugins.
Preloading 0 native plugins for Editor in 0.00 ms.
Mono: successfully reloaded assembly
- Completed reload, in  8.704 seconds
Platform modules already initialized, skipping
Refreshing native plugins compatible for Editor in 2.03 ms, found 1 plugins.
Preloading 0 native plugins for Editor in 0.00 ms.
Unloading 3139 Unused Serialized files (Serialized files now loaded: 0)
System memory in use before: 122.6 MB.
System memory in use after: 122.8 MB.

Unloading 9 unused Assets to reduce memory usage. Loaded Objects now: 3639.
Total: 73.989400 ms (FindLiveObjects: 31.981200 ms CreateObjectMapping: 0.570300 ms MarkObjects: 41.328200 ms  DeleteObjects: 0.102600 ms)

========================================================================
Received Prepare
Registering precompiled user dll's ...
Registered in 0.003814 seconds.
Begin MonoManager ReloadAssembly
Native extension for WindowsStandalone target not found
Native extension for WebGL target not found
Refreshing native plugins compatible for Editor in 0.69 ms, found 1 plugins.
Preloading 0 native plugins for Editor in 0.00 ms.
Mono: successfully reloaded assembly
- Completed reload, in  1.521 seconds
Platform modules already initialized, skipping
Refreshing native plugins compatible for Editor in 1.30 ms, found 1 plugins.
Preloading 0 native plugins for Editor in 0.00 ms.
Unloading 3139 Unused Serialized files (Serialized files now loaded: 0)
System memory in use before: 122.6 MB.
System memory in use after: 122.8 MB.

Unloading 9 unused Assets to reduce memory usage. Loaded Objects now: 3642.
Total: 4.732900 ms (FindLiveObjects: 0.555000 ms CreateObjectMapping: 0.221700 ms MarkObjects: 3.927700 ms  DeleteObjects: 0.026000 ms)

========================================================================
Received Prepare
Registering precompiled user dll's ...
Registered in 0.002375 seconds.
Begin MonoManager ReloadAssembly
Native extension for WindowsStandalone target not found
Native extension for WebGL target not found
Refreshing native plugins compatible for Editor in 0.96 ms, found 1 plugins.
Preloading 0 native plugins for Editor in 0.00 ms.
Mono: successfully reloaded assembly
- Completed reload, in  1.302 seconds
Platform modules already initialized, skipping
Refreshing native plugins compatible for Editor in 0.68 ms, found 1 plugins.
Preloading 0 native plugins for Editor in 0.00 ms.
Unloading 3139 Unused Serialized files (Serialized files now loaded: 0)
System memory in use before: 122.6 MB.
System memory in use after: 122.8 MB.

Unloading 9 unused Assets to reduce memory usage. Loaded Objects now: 3645.
Total: 3.393300 ms (FindLiveObjects: 0.661700 ms CreateObjectMapping: 0.148900 ms MarkObjects: 2.558300 ms  DeleteObjects: 0.023000 ms)

AssetImportWorkerClient::OnTransportError - code=2 error=End of file
